#
# There is insufficient memory for the Java Runtime Environment to continue.
# Native memory allocation (malloc) failed to allocate 228816 bytes for Chunk::new
# Possible reasons:
#   The system is out of physical RAM or swap space
#   The process is running with CompressedOops enabled, and the Java Heap may be blocking the growth of the native heap
# Possible solutions:
#   Reduce memory load on the system
#   Increase physical memory or swap space
#   Check if swap backing store is full
#   Decrease Java heap size (-Xmx/-Xms)
#   Decrease number of Java threads
#   Decrease Java thread stack sizes (-Xss)
#   Set larger code cache with -XX:ReservedCodeCacheSize=
#   JVM is running with Zero Based Compressed Oops mode in which the Java heap is
#     placed in the first 32GB address space. The Java Heap base address is the
#     maximum limit for the native heap growth. Please use -XX:HeapBaseMinAddress
#     to set the Java Heap base and to place the Java Heap above 32GB virtual address.
# This output file may be truncated or incomplete.
#
#  Out of Memory Error (./src/hotspot/share/memory/arena.cpp:197), pid=19596, tid=16572
#
# JRE version: OpenJDK Runtime Environment Temurin-11.0.14.1+1 (11.0.14.1+1) (build 11.0.14.1+1)
# Java VM: OpenJDK 64-Bit Server VM Temurin-11.0.14.1+1 (11.0.14.1+1, mixed mode, tiered, compressed oops, g1 gc, windows-amd64)
# No core dump will be written. Minidumps are not enabled by default on client versions of Windows
#

---------------  S U M M A R Y ------------

Command Line: -Djava.awt.headless=true -Dscanner.home=C:\Users\dell\Downloads\sonar-scanner-4.7.0.2747-windows\bin\.. -Dproject.home=D:\task1 org.sonarsource.scanner.cli.Main

Host: Intel(R) Core(TM) i5-6300U CPU @ 2.40GHz, 4 cores, 11G,  Windows 10 , 64 bit Build 19041 (10.0.19041.1889)
Time: Tue Oct 11 01:21:15 2022 Pacific Daylight Time elapsed time: 2.526491 seconds (0d 0h 0m 2s)

---------------  T H R E A D  ---------------

Current thread (0x00000290b6be8800):  JavaThread "C2 CompilerThread0" daemon [_thread_in_native, id=16572, stack(0x000000abc0100000,0x000000abc0200000)]


Current CompileTask:
C2:   2526 1432       4       jdk.internal.org.objectweb.asm.Item::set (219 bytes)

Stack: [0x000000abc0100000,0x000000abc0200000]
Native frames: (J=compiled Java code, j=interpreted, Vv=VM code, C=native code)
V  [jvm.dll+0x61e59a]
V  [jvm.dll+0x7aaca9]
V  [jvm.dll+0x7ac398]
V  [jvm.dll+0x7aca73]
V  [jvm.dll+0x24f9b8]
V  [jvm.dll+0xc260c]
V  [jvm.dll+0xc2bcc]
V  [jvm.dll+0x2c1884]
V  [jvm.dll+0x52d899]
V  [jvm.dll+0x20a68a]
V  [jvm.dll+0x207ccb]
V  [jvm.dll+0x18a2c1]
V  [jvm.dll+0x217734]
V  [jvm.dll+0x21597b]
V  [jvm.dll+0x76d7c0]
V  [jvm.dll+0x766724]
V  [jvm.dll+0x61d3f6]
C  [ucrtbase.dll+0x21bb2]
C  [KERNEL32.DLL+0x17034]
C  [ntdll.dll+0x526a1]


---------------  P R O C E S S  ---------------

Threads class SMR info:
_java_thread_list=0x00000290b73f20f0, length=12, elements={
0x0000029097f8c800, 0x00000290b638a000, 0x00000290b638b800, 0x00000290b6bd7000,
0x00000290b6bd9000, 0x00000290b6bda000, 0x00000290b6be8800, 0x00000290b6bed000,
0x00000290b6c0f000, 0x00000290b6d9d000, 0x00000290b7228800, 0x00000290b73ed000
}

Java Threads: ( => current thread )
  0x0000029097f8c800 JavaThread "main" [_thread_in_vm, id=1956, stack(0x000000abbf500000,0x000000abbf600000)]
  0x00000290b638a000 JavaThread "Reference Handler" daemon [_thread_blocked, id=15340, stack(0x000000abbfc00000,0x000000abbfd00000)]
  0x00000290b638b800 JavaThread "Finalizer" daemon [_thread_blocked, id=16988, stack(0x000000abbfd00000,0x000000abbfe00000)]
  0x00000290b6bd7000 JavaThread "Signal Dispatcher" daemon [_thread_blocked, id=17104, stack(0x000000abbfe00000,0x000000abbff00000)]
  0x00000290b6bd9000 JavaThread "Attach Listener" daemon [_thread_blocked, id=13216, stack(0x000000abbff00000,0x000000abc0000000)]
  0x00000290b6bda000 JavaThread "Service Thread" daemon [_thread_blocked, id=8240, stack(0x000000abc0000000,0x000000abc0100000)]
=>0x00000290b6be8800 JavaThread "C2 CompilerThread0" daemon [_thread_in_native, id=16572, stack(0x000000abc0100000,0x000000abc0200000)]
  0x00000290b6bed000 JavaThread "C1 CompilerThread0" daemon [_thread_blocked, id=4412, stack(0x000000abc0200000,0x000000abc0300000)]
  0x00000290b6c0f000 JavaThread "Sweeper thread" daemon [_thread_blocked, id=5544, stack(0x000000abc0300000,0x000000abc0400000)]
  0x00000290b6d9d000 JavaThread "Common-Cleaner" daemon [_thread_blocked, id=7004, stack(0x000000abc0500000,0x000000abc0600000)]
  0x00000290b7228800 JavaThread "OkHttp ConnectionPool" daemon [_thread_blocked, id=12524, stack(0x000000abc0b00000,0x000000abc0c00000)]
  0x00000290b73ed000 JavaThread "Okio Watchdog" daemon [_thread_blocked, id=13968, stack(0x000000abc0c00000,0x000000abc0d00000)]

Other Threads:
  0x00000290b6386000 VMThread "VM Thread" [stack: 0x000000abbfb00000,0x000000abbfc00000] [id=11188]
  0x00000290b6d96800 WatcherThread [stack: 0x000000abc0400000,0x000000abc0500000] [id=14408]
  0x0000029097fa4000 GCTaskThread "GC Thread#0" [stack: 0x000000abbf600000,0x000000abbf700000] [id=5516]
  0x00000290b720e000 GCTaskThread "GC Thread#1" [stack: 0x000000abc0600000,0x000000abc0700000] [id=10040]
  0x00000290b720f000 GCTaskThread "GC Thread#2" [stack: 0x000000abc0700000,0x000000abc0800000] [id=2160]
  0x00000290b7225000 GCTaskThread "GC Thread#3" [stack: 0x000000abc0800000,0x000000abc0900000] [id=1868]
  0x0000029097fea000 ConcurrentGCThread "G1 Main Marker" [stack: 0x000000abbf700000,0x000000abbf800000] [id=16800]
  0x0000029097feb000 ConcurrentGCThread "G1 Conc#0" [stack: 0x000000abbf800000,0x000000abbf900000] [id=14632]
  0x000002909806d800 ConcurrentGCThread "G1 Refine#0" [stack: 0x000000abbf900000,0x000000abbfa00000] [id=12716]
  0x00000290b6de1000 ConcurrentGCThread "G1 Refine#1" [stack: 0x000000abc0900000,0x000000abc0a00000] [id=8888]
  0x00000290b61ff800 ConcurrentGCThread "G1 Young RemSet Sampling" [stack: 0x000000abbfa00000,0x000000abbfb00000] [id=7844]

Threads with active compile tasks:
C2 CompilerThread0   2575 1432       4       jdk.internal.org.objectweb.asm.Item::set (219 bytes)

VM state:not at safepoint (normal execution)

VM Mutex/Monitor currently owned by a thread: None

Heap address: 0x0000000749600000, size: 2922 MB, Compressed Oops mode: Zero based, Oop shift amount: 3
Narrow klass base: 0x0000000800000000, Narrow klass shift: 0
Compressed class space size: 1073741824 Address: 0x0000000800000000

Heap:
 garbage-first heap   total 188416K, used 14074K [0x0000000749600000, 0x0000000800000000)
  region size 1024K, 10 young (10240K), 2 survivors (2048K)
 Metaspace       used 17528K, capacity 17896K, committed 18048K, reserved 1064960K
  class space    used 1950K, capacity 2078K, committed 2176K, reserved 1048576K
Heap Regions: E=young(eden), S=young(survivor), O=old, HS=humongous(starts), HC=humongous(continues), CS=collection set, F=free, A=archive, TAMS=top-at-mark-start (previous, next)
|   0|0x0000000749600000, 0x0000000749700000, 0x0000000749700000|100%| O|  |TAMS 0x0000000749600000, 0x0000000749600000| Untracked 
|   1|0x0000000749700000, 0x0000000749800000, 0x0000000749800000|100%| O|  |TAMS 0x0000000749700000, 0x0000000749700000| Untracked 
|   2|0x0000000749800000, 0x0000000749900000, 0x0000000749900000|100%|HS|  |TAMS 0x0000000749800000, 0x0000000749800000| Complete 
|   3|0x0000000749900000, 0x0000000749a00000, 0x0000000749a00000|100%|HC|  |TAMS 0x0000000749900000, 0x0000000749900000| Complete 
|   4|0x0000000749a00000, 0x0000000749b00000, 0x0000000749b00000|100%| O|  |TAMS 0x0000000749a00000, 0x0000000749a00000| Untracked 
|   5|0x0000000749b00000, 0x0000000749b71800, 0x0000000749c00000| 44%| O|  |TAMS 0x0000000749b00000, 0x0000000749b00000| Untracked 
|   6|0x0000000749c00000, 0x0000000749c00000, 0x0000000749d00000|  0%| F|  |TAMS 0x0000000749c00000, 0x0000000749c00000| Untracked 
|   7|0x0000000749d00000, 0x0000000749d00000, 0x0000000749e00000|  0%| F|  |TAMS 0x0000000749d00000, 0x0000000749d00000| Untracked 
|   8|0x0000000749e00000, 0x0000000749e00000, 0x0000000749f00000|  0%| F|  |TAMS 0x0000000749e00000, 0x0000000749e00000| Untracked 
|   9|0x0000000749f00000, 0x0000000749f00000, 0x000000074a000000|  0%| F|  |TAMS 0x0000000749f00000, 0x0000000749f00000| Untracked 
|  10|0x000000074a000000, 0x000000074a000000, 0x000000074a100000|  0%| F|  |TAMS 0x000000074a000000, 0x000000074a000000| Untracked 
|  11|0x000000074a100000, 0x000000074a100000, 0x000000074a200000|  0%| F|  |TAMS 0x000000074a100000, 0x000000074a100000| Untracked 
|  12|0x000000074a200000, 0x000000074a200000, 0x000000074a300000|  0%| F|  |TAMS 0x000000074a200000, 0x000000074a200000| Untracked 
|  13|0x000000074a300000, 0x000000074a300000, 0x000000074a400000|  0%| F|  |TAMS 0x000000074a300000, 0x000000074a300000| Untracked 
|  14|0x000000074a400000, 0x000000074a400000, 0x000000074a500000|  0%| F|  |TAMS 0x000000074a400000, 0x000000074a400000| Untracked 
|  15|0x000000074a500000, 0x000000074a500000, 0x000000074a600000|  0%| F|  |TAMS 0x000000074a500000, 0x000000074a500000| Untracked 
|  16|0x000000074a600000, 0x000000074a600000, 0x000000074a700000|  0%| F|  |TAMS 0x000000074a600000, 0x000000074a600000| Untracked 
|  17|0x000000074a700000, 0x000000074a700000, 0x000000074a800000|  0%| F|  |TAMS 0x000000074a700000, 0x000000074a700000| Untracked 
|  18|0x000000074a800000, 0x000000074a800000, 0x000000074a900000|  0%| F|  |TAMS 0x000000074a800000, 0x000000074a800000| Untracked 
|  19|0x000000074a900000, 0x000000074a900000, 0x000000074aa00000|  0%| F|  |TAMS 0x000000074a900000, 0x000000074a900000| Untracked 
|  20|0x000000074aa00000, 0x000000074aa00000, 0x000000074ab00000|  0%| F|  |TAMS 0x000000074aa00000, 0x000000074aa00000| Untracked 
|  21|0x000000074ab00000, 0x000000074ab00000, 0x000000074ac00000|  0%| F|  |TAMS 0x000000074ab00000, 0x000000074ab00000| Untracked 
|  22|0x000000074ac00000, 0x000000074ac00000, 0x000000074ad00000|  0%| F|  |TAMS 0x000000074ac00000, 0x000000074ac00000| Untracked 
|  23|0x000000074ad00000, 0x000000074ad00000, 0x000000074ae00000|  0%| F|  |TAMS 0x000000074ad00000, 0x000000074ad00000| Untracked 
|  24|0x000000074ae00000, 0x000000074ae00000, 0x000000074af00000|  0%| F|  |TAMS 0x000000074ae00000, 0x000000074ae00000| Untracked 
|  25|0x000000074af00000, 0x000000074af00000, 0x000000074b000000|  0%| F|  |TAMS 0x000000074af00000, 0x000000074af00000| Untracked 
|  26|0x000000074b000000, 0x000000074b000000, 0x000000074b100000|  0%| F|  |TAMS 0x000000074b000000, 0x000000074b000000| Untracked 
|  27|0x000000074b100000, 0x000000074b100000, 0x000000074b200000|  0%| F|  |TAMS 0x000000074b100000, 0x000000074b100000| Untracked 
|  28|0x000000074b200000, 0x000000074b200000, 0x000000074b300000|  0%| F|  |TAMS 0x000000074b200000, 0x000000074b200000| Untracked 
|  29|0x000000074b300000, 0x000000074b300000, 0x000000074b400000|  0%| F|  |TAMS 0x000000074b300000, 0x000000074b300000| Untracked 
|  30|0x000000074b400000, 0x000000074b400000, 0x000000074b500000|  0%| F|  |TAMS 0x000000074b400000, 0x000000074b400000| Untracked 
|  31|0x000000074b500000, 0x000000074b500000, 0x000000074b600000|  0%| F|  |TAMS 0x000000074b500000, 0x000000074b500000| Untracked 
|  32|0x000000074b600000, 0x000000074b600000, 0x000000074b700000|  0%| F|  |TAMS 0x000000074b600000, 0x000000074b600000| Untracked 
|  33|0x000000074b700000, 0x000000074b700000, 0x000000074b800000|  0%| F|  |TAMS 0x000000074b700000, 0x000000074b700000| Untracked 
|  34|0x000000074b800000, 0x000000074b800000, 0x000000074b900000|  0%| F|  |TAMS 0x000000074b800000, 0x000000074b800000| Untracked 
|  35|0x000000074b900000, 0x000000074b900000, 0x000000074ba00000|  0%| F|  |TAMS 0x000000074b900000, 0x000000074b900000| Untracked 
|  36|0x000000074ba00000, 0x000000074ba00000, 0x000000074bb00000|  0%| F|  |TAMS 0x000000074ba00000, 0x000000074ba00000| Untracked 
|  37|0x000000074bb00000, 0x000000074bb00000, 0x000000074bc00000|  0%| F|  |TAMS 0x000000074bb00000, 0x000000074bb00000| Untracked 
|  38|0x000000074bc00000, 0x000000074bc00000, 0x000000074bd00000|  0%| F|  |TAMS 0x000000074bc00000, 0x000000074bc00000| Untracked 
|  39|0x000000074bd00000, 0x000000074bd00000, 0x000000074be00000|  0%| F|  |TAMS 0x000000074bd00000, 0x000000074bd00000| Untracked 
|  40|0x000000074be00000, 0x000000074be00000, 0x000000074bf00000|  0%| F|  |TAMS 0x000000074be00000, 0x000000074be00000| Untracked 
|  41|0x000000074bf00000, 0x000000074bf00000, 0x000000074c000000|  0%| F|  |TAMS 0x000000074bf00000, 0x000000074bf00000| Untracked 
|  42|0x000000074c000000, 0x000000074c000000, 0x000000074c100000|  0%| F|  |TAMS 0x000000074c000000, 0x000000074c000000| Untracked 
|  43|0x000000074c100000, 0x000000074c100000, 0x000000074c200000|  0%| F|  |TAMS 0x000000074c100000, 0x000000074c100000| Untracked 
|  44|0x000000074c200000, 0x000000074c200000, 0x000000074c300000|  0%| F|  |TAMS 0x000000074c200000, 0x000000074c200000| Untracked 
|  45|0x000000074c300000, 0x000000074c300000, 0x000000074c400000|  0%| F|  |TAMS 0x000000074c300000, 0x000000074c300000| Untracked 
|  46|0x000000074c400000, 0x000000074c400000, 0x000000074c500000|  0%| F|  |TAMS 0x000000074c400000, 0x000000074c400000| Untracked 
|  47|0x000000074c500000, 0x000000074c500000, 0x000000074c600000|  0%| F|  |TAMS 0x000000074c500000, 0x000000074c500000| Untracked 
|  48|0x000000074c600000, 0x000000074c600000, 0x000000074c700000|  0%| F|  |TAMS 0x000000074c600000, 0x000000074c600000| Untracked 
|  49|0x000000074c700000, 0x000000074c700000, 0x000000074c800000|  0%| F|  |TAMS 0x000000074c700000, 0x000000074c700000| Untracked 
|  50|0x000000074c800000, 0x000000074c800000, 0x000000074c900000|  0%| F|  |TAMS 0x000000074c800000, 0x000000074c800000| Untracked 
|  51|0x000000074c900000, 0x000000074c900000, 0x000000074ca00000|  0%| F|  |TAMS 0x000000074c900000, 0x000000074c900000| Untracked 
|  52|0x000000074ca00000, 0x000000074ca00000, 0x000000074cb00000|  0%| F|  |TAMS 0x000000074ca00000, 0x000000074ca00000| Untracked 
|  53|0x000000074cb00000, 0x000000074cb00000, 0x000000074cc00000|  0%| F|  |TAMS 0x000000074cb00000, 0x000000074cb00000| Untracked 
|  54|0x000000074cc00000, 0x000000074cc00000, 0x000000074cd00000|  0%| F|  |TAMS 0x000000074cc00000, 0x000000074cc00000| Untracked 
|  55|0x000000074cd00000, 0x000000074cd00000, 0x000000074ce00000|  0%| F|  |TAMS 0x000000074cd00000, 0x000000074cd00000| Untracked 
|  56|0x000000074ce00000, 0x000000074ce00000, 0x000000074cf00000|  0%| F|  |TAMS 0x000000074ce00000, 0x000000074ce00000| Untracked 
|  57|0x000000074cf00000, 0x000000074cf00000, 0x000000074d000000|  0%| F|  |TAMS 0x000000074cf00000, 0x000000074cf00000| Untracked 
|  58|0x000000074d000000, 0x000000074d000000, 0x000000074d100000|  0%| F|  |TAMS 0x000000074d000000, 0x000000074d000000| Untracked 
|  59|0x000000074d100000, 0x000000074d100000, 0x000000074d200000|  0%| F|  |TAMS 0x000000074d100000, 0x000000074d100000| Untracked 
|  60|0x000000074d200000, 0x000000074d200000, 0x000000074d300000|  0%| F|  |TAMS 0x000000074d200000, 0x000000074d200000| Untracked 
|  61|0x000000074d300000, 0x000000074d300000, 0x000000074d400000|  0%| F|  |TAMS 0x000000074d300000, 0x000000074d300000| Untracked 
|  62|0x000000074d400000, 0x000000074d400000, 0x000000074d500000|  0%| F|  |TAMS 0x000000074d400000, 0x000000074d400000| Untracked 
|  63|0x000000074d500000, 0x000000074d500000, 0x000000074d600000|  0%| F|  |TAMS 0x000000074d500000, 0x000000074d500000| Untracked 
|  64|0x000000074d600000, 0x000000074d600000, 0x000000074d700000|  0%| F|  |TAMS 0x000000074d600000, 0x000000074d600000| Untracked 
|  65|0x000000074d700000, 0x000000074d700000, 0x000000074d800000|  0%| F|  |TAMS 0x000000074d700000, 0x000000074d700000| Untracked 
|  66|0x000000074d800000, 0x000000074d800000, 0x000000074d900000|  0%| F|  |TAMS 0x000000074d800000, 0x000000074d800000| Untracked 
|  67|0x000000074d900000, 0x000000074d900000, 0x000000074da00000|  0%| F|  |TAMS 0x000000074d900000, 0x000000074d900000| Untracked 
|  68|0x000000074da00000, 0x000000074da00000, 0x000000074db00000|  0%| F|  |TAMS 0x000000074da00000, 0x000000074da00000| Untracked 
|  69|0x000000074db00000, 0x000000074db00000, 0x000000074dc00000|  0%| F|  |TAMS 0x000000074db00000, 0x000000074db00000| Untracked 
|  70|0x000000074dc00000, 0x000000074dc00000, 0x000000074dd00000|  0%| F|  |TAMS 0x000000074dc00000, 0x000000074dc00000| Untracked 
|  71|0x000000074dd00000, 0x000000074dd00000, 0x000000074de00000|  0%| F|  |TAMS 0x000000074dd00000, 0x000000074dd00000| Untracked 
|  72|0x000000074de00000, 0x000000074de00000, 0x000000074df00000|  0%| F|  |TAMS 0x000000074de00000, 0x000000074de00000| Untracked 
|  73|0x000000074df00000, 0x000000074df00000, 0x000000074e000000|  0%| F|  |TAMS 0x000000074df00000, 0x000000074df00000| Untracked 
|  74|0x000000074e000000, 0x000000074e000000, 0x000000074e100000|  0%| F|  |TAMS 0x000000074e000000, 0x000000074e000000| Untracked 
|  75|0x000000074e100000, 0x000000074e100000, 0x000000074e200000|  0%| F|  |TAMS 0x000000074e100000, 0x000000074e100000| Untracked 
|  76|0x000000074e200000, 0x000000074e200000, 0x000000074e300000|  0%| F|  |TAMS 0x000000074e200000, 0x000000074e200000| Untracked 
|  77|0x000000074e300000, 0x000000074e300000, 0x000000074e400000|  0%| F|  |TAMS 0x000000074e300000, 0x000000074e300000| Untracked 
|  78|0x000000074e400000, 0x000000074e400000, 0x000000074e500000|  0%| F|  |TAMS 0x000000074e400000, 0x000000074e400000| Untracked 
|  79|0x000000074e500000, 0x000000074e500000, 0x000000074e600000|  0%| F|  |TAMS 0x000000074e500000, 0x000000074e500000| Untracked 
|  80|0x000000074e600000, 0x000000074e600000, 0x000000074e700000|  0%| F|  |TAMS 0x000000074e600000, 0x000000074e600000| Untracked 
|  81|0x000000074e700000, 0x000000074e700000, 0x000000074e800000|  0%| F|  |TAMS 0x000000074e700000, 0x000000074e700000| Untracked 
|  82|0x000000074e800000, 0x000000074e800000, 0x000000074e900000|  0%| F|  |TAMS 0x000000074e800000, 0x000000074e800000| Untracked 
|  83|0x000000074e900000, 0x000000074e900000, 0x000000074ea00000|  0%| F|  |TAMS 0x000000074e900000, 0x000000074e900000| Untracked 
|  84|0x000000074ea00000, 0x000000074ea00000, 0x000000074eb00000|  0%| F|  |TAMS 0x000000074ea00000, 0x000000074ea00000| Untracked 
|  85|0x000000074eb00000, 0x000000074eb00000, 0x000000074ec00000|  0%| F|  |TAMS 0x000000074eb00000, 0x000000074eb00000| Untracked 
|  86|0x000000074ec00000, 0x000000074ec00000, 0x000000074ed00000|  0%| F|  |TAMS 0x000000074ec00000, 0x000000074ec00000| Untracked 
|  87|0x000000074ed00000, 0x000000074ed00000, 0x000000074ee00000|  0%| F|  |TAMS 0x000000074ed00000, 0x000000074ed00000| Untracked 
|  88|0x000000074ee00000, 0x000000074ee00000, 0x000000074ef00000|  0%| F|  |TAMS 0x000000074ee00000, 0x000000074ee00000| Untracked 
|  89|0x000000074ef00000, 0x000000074ef00000, 0x000000074f000000|  0%| F|  |TAMS 0x000000074ef00000, 0x000000074ef00000| Untracked 
|  90|0x000000074f000000, 0x000000074f000000, 0x000000074f100000|  0%| F|  |TAMS 0x000000074f000000, 0x000000074f000000| Untracked 
|  91|0x000000074f100000, 0x000000074f100000, 0x000000074f200000|  0%| F|  |TAMS 0x000000074f100000, 0x000000074f100000| Untracked 
|  92|0x000000074f200000, 0x000000074f200000, 0x000000074f300000|  0%| F|  |TAMS 0x000000074f200000, 0x000000074f200000| Untracked 
|  93|0x000000074f300000, 0x000000074f300000, 0x000000074f400000|  0%| F|  |TAMS 0x000000074f300000, 0x000000074f300000| Untracked 
|  94|0x000000074f400000, 0x000000074f400000, 0x000000074f500000|  0%| F|  |TAMS 0x000000074f400000, 0x000000074f400000| Untracked 
|  95|0x000000074f500000, 0x000000074f500000, 0x000000074f600000|  0%| F|  |TAMS 0x000000074f500000, 0x000000074f500000| Untracked 
|  96|0x000000074f600000, 0x000000074f600000, 0x000000074f700000|  0%| F|  |TAMS 0x000000074f600000, 0x000000074f600000| Untracked 
|  97|0x000000074f700000, 0x000000074f700000, 0x000000074f800000|  0%| F|  |TAMS 0x000000074f700000, 0x000000074f700000| Untracked 
|  98|0x000000074f800000, 0x000000074f800000, 0x000000074f900000|  0%| F|  |TAMS 0x000000074f800000, 0x000000074f800000| Untracked 
|  99|0x000000074f900000, 0x000000074f900000, 0x000000074fa00000|  0%| F|  |TAMS 0x000000074f900000, 0x000000074f900000| Untracked 
| 100|0x000000074fa00000, 0x000000074fa00000, 0x000000074fb00000|  0%| F|  |TAMS 0x000000074fa00000, 0x000000074fa00000| Untracked 
| 101|0x000000074fb00000, 0x000000074fb00000, 0x000000074fc00000|  0%| F|  |TAMS 0x000000074fb00000, 0x000000074fb00000| Untracked 
| 102|0x000000074fc00000, 0x000000074fc00000, 0x000000074fd00000|  0%| F|  |TAMS 0x000000074fc00000, 0x000000074fc00000| Untracked 
| 103|0x000000074fd00000, 0x000000074fd00000, 0x000000074fe00000|  0%| F|  |TAMS 0x000000074fd00000, 0x000000074fd00000| Untracked 
| 104|0x000000074fe00000, 0x000000074fe00000, 0x000000074ff00000|  0%| F|  |TAMS 0x000000074fe00000, 0x000000074fe00000| Untracked 
| 105|0x000000074ff00000, 0x000000074ff00000, 0x0000000750000000|  0%| F|  |TAMS 0x000000074ff00000, 0x000000074ff00000| Untracked 
| 106|0x0000000750000000, 0x0000000750000000, 0x0000000750100000|  0%| F|  |TAMS 0x0000000750000000, 0x0000000750000000| Untracked 
| 107|0x0000000750100000, 0x0000000750100000, 0x0000000750200000|  0%| F|  |TAMS 0x0000000750100000, 0x0000000750100000| Untracked 
| 108|0x0000000750200000, 0x0000000750200000, 0x0000000750300000|  0%| F|  |TAMS 0x0000000750200000, 0x0000000750200000| Untracked 
| 109|0x0000000750300000, 0x0000000750300000, 0x0000000750400000|  0%| F|  |TAMS 0x0000000750300000, 0x0000000750300000| Untracked 
| 110|0x0000000750400000, 0x0000000750400000, 0x0000000750500000|  0%| F|  |TAMS 0x0000000750400000, 0x0000000750400000| Untracked 
| 111|0x0000000750500000, 0x0000000750500000, 0x0000000750600000|  0%| F|  |TAMS 0x0000000750500000, 0x0000000750500000| Untracked 
| 112|0x0000000750600000, 0x0000000750600000, 0x0000000750700000|  0%| F|  |TAMS 0x0000000750600000, 0x0000000750600000| Untracked 
| 113|0x0000000750700000, 0x0000000750700000, 0x0000000750800000|  0%| F|  |TAMS 0x0000000750700000, 0x0000000750700000| Untracked 
| 114|0x0000000750800000, 0x0000000750800000, 0x0000000750900000|  0%| F|  |TAMS 0x0000000750800000, 0x0000000750800000| Untracked 
| 115|0x0000000750900000, 0x0000000750900000, 0x0000000750a00000|  0%| F|  |TAMS 0x0000000750900000, 0x0000000750900000| Untracked 
| 116|0x0000000750a00000, 0x0000000750a00000, 0x0000000750b00000|  0%| F|  |TAMS 0x0000000750a00000, 0x0000000750a00000| Untracked 
| 117|0x0000000750b00000, 0x0000000750b00000, 0x0000000750c00000|  0%| F|  |TAMS 0x0000000750b00000, 0x0000000750b00000| Untracked 
| 118|0x0000000750c00000, 0x0000000750c00000, 0x0000000750d00000|  0%| F|  |TAMS 0x0000000750c00000, 0x0000000750c00000| Untracked 
| 119|0x0000000750d00000, 0x0000000750d00000, 0x0000000750e00000|  0%| F|  |TAMS 0x0000000750d00000, 0x0000000750d00000| Untracked 
| 120|0x0000000750e00000, 0x0000000750e00000, 0x0000000750f00000|  0%| F|  |TAMS 0x0000000750e00000, 0x0000000750e00000| Untracked 
| 121|0x0000000750f00000, 0x0000000750f00000, 0x0000000751000000|  0%| F|  |TAMS 0x0000000750f00000, 0x0000000750f00000| Untracked 
| 122|0x0000000751000000, 0x0000000751000000, 0x0000000751100000|  0%| F|  |TAMS 0x0000000751000000, 0x0000000751000000| Untracked 
| 123|0x0000000751100000, 0x0000000751100000, 0x0000000751200000|  0%| F|  |TAMS 0x0000000751100000, 0x0000000751100000| Untracked 
| 124|0x0000000751200000, 0x0000000751200000, 0x0000000751300000|  0%| F|  |TAMS 0x0000000751200000, 0x0000000751200000| Untracked 
| 125|0x0000000751300000, 0x0000000751300000, 0x0000000751400000|  0%| F|  |TAMS 0x0000000751300000, 0x0000000751300000| Untracked 
| 126|0x0000000751400000, 0x0000000751400000, 0x0000000751500000|  0%| F|  |TAMS 0x0000000751400000, 0x0000000751400000| Untracked 
| 127|0x0000000751500000, 0x0000000751500000, 0x0000000751600000|  0%| F|  |TAMS 0x0000000751500000, 0x0000000751500000| Untracked 
| 128|0x0000000751600000, 0x0000000751600000, 0x0000000751700000|  0%| F|  |TAMS 0x0000000751600000, 0x0000000751600000| Untracked 
| 129|0x0000000751700000, 0x0000000751700000, 0x0000000751800000|  0%| F|  |TAMS 0x0000000751700000, 0x0000000751700000| Untracked 
| 130|0x0000000751800000, 0x0000000751800000, 0x0000000751900000|  0%| F|  |TAMS 0x0000000751800000, 0x0000000751800000| Untracked 
| 131|0x0000000751900000, 0x0000000751900000, 0x0000000751a00000|  0%| F|  |TAMS 0x0000000751900000, 0x0000000751900000| Untracked 
| 132|0x0000000751a00000, 0x0000000751a00000, 0x0000000751b00000|  0%| F|  |TAMS 0x0000000751a00000, 0x0000000751a00000| Untracked 
| 133|0x0000000751b00000, 0x0000000751b00000, 0x0000000751c00000|  0%| F|  |TAMS 0x0000000751b00000, 0x0000000751b00000| Untracked 
| 134|0x0000000751c00000, 0x0000000751c00000, 0x0000000751d00000|  0%| F|  |TAMS 0x0000000751c00000, 0x0000000751c00000| Untracked 
| 135|0x0000000751d00000, 0x0000000751d00000, 0x0000000751e00000|  0%| F|  |TAMS 0x0000000751d00000, 0x0000000751d00000| Untracked 
| 136|0x0000000751e00000, 0x0000000751e00000, 0x0000000751f00000|  0%| F|  |TAMS 0x0000000751e00000, 0x0000000751e00000| Untracked 
| 137|0x0000000751f00000, 0x0000000751f00000, 0x0000000752000000|  0%| F|  |TAMS 0x0000000751f00000, 0x0000000751f00000| Untracked 
| 138|0x0000000752000000, 0x0000000752000000, 0x0000000752100000|  0%| F|  |TAMS 0x0000000752000000, 0x0000000752000000| Untracked 
| 139|0x0000000752100000, 0x0000000752100000, 0x0000000752200000|  0%| F|  |TAMS 0x0000000752100000, 0x0000000752100000| Untracked 
| 140|0x0000000752200000, 0x0000000752200000, 0x0000000752300000|  0%| F|  |TAMS 0x0000000752200000, 0x0000000752200000| Untracked 
| 141|0x0000000752300000, 0x0000000752300000, 0x0000000752400000|  0%| F|  |TAMS 0x0000000752300000, 0x0000000752300000| Untracked 
| 142|0x0000000752400000, 0x0000000752400000, 0x0000000752500000|  0%| F|  |TAMS 0x0000000752400000, 0x0000000752400000| Untracked 
| 143|0x0000000752500000, 0x0000000752500000, 0x0000000752600000|  0%| F|  |TAMS 0x0000000752500000, 0x0000000752500000| Untracked 
| 144|0x0000000752600000, 0x0000000752600000, 0x0000000752700000|  0%| F|  |TAMS 0x0000000752600000, 0x0000000752600000| Untracked 
| 145|0x0000000752700000, 0x0000000752700000, 0x0000000752800000|  0%| F|  |TAMS 0x0000000752700000, 0x0000000752700000| Untracked 
| 146|0x0000000752800000, 0x0000000752800000, 0x0000000752900000|  0%| F|  |TAMS 0x0000000752800000, 0x0000000752800000| Untracked 
| 147|0x0000000752900000, 0x0000000752900000, 0x0000000752a00000|  0%| F|  |TAMS 0x0000000752900000, 0x0000000752900000| Untracked 
| 148|0x0000000752a00000, 0x0000000752a00000, 0x0000000752b00000|  0%| F|  |TAMS 0x0000000752a00000, 0x0000000752a00000| Untracked 
| 149|0x0000000752b00000, 0x0000000752b00000, 0x0000000752c00000|  0%| F|  |TAMS 0x0000000752b00000, 0x0000000752b00000| Untracked 
| 150|0x0000000752c00000, 0x0000000752c00000, 0x0000000752d00000|  0%| F|  |TAMS 0x0000000752c00000, 0x0000000752c00000| Untracked 
| 151|0x0000000752d00000, 0x0000000752d00000, 0x0000000752e00000|  0%| F|  |TAMS 0x0000000752d00000, 0x0000000752d00000| Untracked 
| 152|0x0000000752e00000, 0x0000000752e00000, 0x0000000752f00000|  0%| F|  |TAMS 0x0000000752e00000, 0x0000000752e00000| Untracked 
| 153|0x0000000752f00000, 0x0000000752f00000, 0x0000000753000000|  0%| F|  |TAMS 0x0000000752f00000, 0x0000000752f00000| Untracked 
| 154|0x0000000753000000, 0x0000000753000000, 0x0000000753100000|  0%| F|  |TAMS 0x0000000753000000, 0x0000000753000000| Untracked 
| 155|0x0000000753100000, 0x0000000753100000, 0x0000000753200000|  0%| F|  |TAMS 0x0000000753100000, 0x0000000753100000| Untracked 
| 156|0x0000000753200000, 0x0000000753200000, 0x0000000753300000|  0%| F|  |TAMS 0x0000000753200000, 0x0000000753200000| Untracked 
| 157|0x0000000753300000, 0x0000000753300000, 0x0000000753400000|  0%| F|  |TAMS 0x0000000753300000, 0x0000000753300000| Untracked 
| 158|0x0000000753400000, 0x0000000753400000, 0x0000000753500000|  0%| F|  |TAMS 0x0000000753400000, 0x0000000753400000| Untracked 
| 159|0x0000000753500000, 0x0000000753500000, 0x0000000753600000|  0%| F|  |TAMS 0x0000000753500000, 0x0000000753500000| Untracked 
| 160|0x0000000753600000, 0x0000000753600000, 0x0000000753700000|  0%| F|  |TAMS 0x0000000753600000, 0x0000000753600000| Untracked 
| 161|0x0000000753700000, 0x0000000753700000, 0x0000000753800000|  0%| F|  |TAMS 0x0000000753700000, 0x0000000753700000| Untracked 
| 162|0x0000000753800000, 0x0000000753800000, 0x0000000753900000|  0%| F|  |TAMS 0x0000000753800000, 0x0000000753800000| Untracked 
| 163|0x0000000753900000, 0x0000000753900000, 0x0000000753a00000|  0%| F|  |TAMS 0x0000000753900000, 0x0000000753900000| Untracked 
| 164|0x0000000753a00000, 0x0000000753a00000, 0x0000000753b00000|  0%| F|  |TAMS 0x0000000753a00000, 0x0000000753a00000| Untracked 
| 165|0x0000000753b00000, 0x0000000753b00000, 0x0000000753c00000|  0%| F|  |TAMS 0x0000000753b00000, 0x0000000753b00000| Untracked 
| 166|0x0000000753c00000, 0x0000000753c00000, 0x0000000753d00000|  0%| F|  |TAMS 0x0000000753c00000, 0x0000000753c00000| Untracked 
| 167|0x0000000753d00000, 0x0000000753d00000, 0x0000000753e00000|  0%| F|  |TAMS 0x0000000753d00000, 0x0000000753d00000| Untracked 
| 168|0x0000000753e00000, 0x0000000753e00000, 0x0000000753f00000|  0%| F|  |TAMS 0x0000000753e00000, 0x0000000753e00000| Untracked 
| 169|0x0000000753f00000, 0x0000000753f00000, 0x0000000754000000|  0%| F|  |TAMS 0x0000000753f00000, 0x0000000753f00000| Untracked 
| 170|0x0000000754000000, 0x0000000754000000, 0x0000000754100000|  0%| F|  |TAMS 0x0000000754000000, 0x0000000754000000| Untracked 
| 171|0x0000000754100000, 0x0000000754100000, 0x0000000754200000|  0%| F|  |TAMS 0x0000000754100000, 0x0000000754100000| Untracked 
| 172|0x0000000754200000, 0x0000000754200000, 0x0000000754300000|  0%| F|  |TAMS 0x0000000754200000, 0x0000000754200000| Untracked 
| 173|0x0000000754300000, 0x0000000754300000, 0x0000000754400000|  0%| F|  |TAMS 0x0000000754300000, 0x0000000754300000| Untracked 
| 174|0x0000000754400000, 0x00000007544798d0, 0x0000000754500000| 47%| E|  |TAMS 0x0000000754400000, 0x0000000754400000| Complete 
| 175|0x0000000754500000, 0x000000075454d080, 0x0000000754600000| 30%| S|CS|TAMS 0x0000000754500000, 0x0000000754500000| Complete 
| 176|0x0000000754600000, 0x0000000754700000, 0x0000000754700000|100%| S|CS|TAMS 0x0000000754600000, 0x0000000754600000| Complete 
| 177|0x0000000754700000, 0x0000000754800000, 0x0000000754800000|100%| E|CS|TAMS 0x0000000754700000, 0x0000000754700000| Complete 
| 178|0x0000000754800000, 0x0000000754900000, 0x0000000754900000|100%| E|CS|TAMS 0x0000000754800000, 0x0000000754800000| Complete 
| 179|0x0000000754900000, 0x0000000754a00000, 0x0000000754a00000|100%| E|CS|TAMS 0x0000000754900000, 0x0000000754900000| Complete 
| 180|0x0000000754a00000, 0x0000000754b00000, 0x0000000754b00000|100%| E|CS|TAMS 0x0000000754a00000, 0x0000000754a00000| Complete 
| 181|0x0000000754b00000, 0x0000000754c00000, 0x0000000754c00000|100%| E|CS|TAMS 0x0000000754b00000, 0x0000000754b00000| Complete 
| 182|0x0000000754c00000, 0x0000000754d00000, 0x0000000754d00000|100%| E|CS|TAMS 0x0000000754c00000, 0x0000000754c00000| Complete 
| 183|0x0000000754d00000, 0x0000000754e00000, 0x0000000754e00000|100%| E|CS|TAMS 0x0000000754d00000, 0x0000000754d00000| Complete 

Card table byte_map: [0x00000290ad630000,0x00000290adbf0000] _byte_map_base: 0x00000290a9be5000

Marking Bits (Prev, Next): (CMBitMap*) 0x0000029097fdc838, (CMBitMap*) 0x0000029097fdc870
 Prev Bits: [0x00000290ae1b0000, 0x00000290b0f58000)
 Next Bits: [0x00000290b0f60000, 0x00000290b3d08000)

Polling page: 0x0000029096650000

Metaspace:

Usage:
  Non-class:     15.45 MB capacity,    15.22 MB ( 99%) used,   201.59 KB (  1%) free+waste,    28.44 KB ( <1%) overhead. 
      Class:      2.03 MB capacity,     1.91 MB ( 94%) used,   111.09 KB (  5%) free+waste,    13.88 KB ( <1%) overhead. 
       Both:     17.48 MB capacity,    17.13 MB ( 98%) used,   312.67 KB (  2%) free+waste,    42.31 KB ( <1%) overhead. 

Virtual space:
  Non-class space:       16.00 MB reserved,      15.50 MB ( 97%) committed 
      Class space:        1.00 GB reserved,       2.13 MB ( <1%) committed 
             Both:        1.02 GB reserved,      17.63 MB (  2%) committed 

Chunk freelists:
   Non-Class:  54.00 KB
       Class:  2.00 KB
        Both:  56.00 KB

MaxMetaspaceSize: 17179869184.00 GB
CompressedClassSpaceSize: 1.00 GB
Initial GC threshold: 20.80 MB
Current GC threshold: 20.80 MB
CDS: off

CodeHeap 'non-profiled nmethods': size=120064Kb used=444Kb max_used=444Kb free=119619Kb
 bounds [0x00000290a5510000, 0x00000290a5780000, 0x00000290aca50000]
CodeHeap 'profiled nmethods': size=120000Kb used=2829Kb max_used=2829Kb free=117170Kb
 bounds [0x000002909dfe0000, 0x000002909e2b0000, 0x00000290a5510000]
CodeHeap 'non-nmethods': size=5696Kb used=1175Kb max_used=1188Kb free=4520Kb
 bounds [0x000002909da50000, 0x000002909dcc0000, 0x000002909dfe0000]
 total_blobs=1893 nmethods=1453 adapters=353
 compilation: enabled
              stopped_count=0, restarted_count=0
 full_count=0

Compilation events (20 events):
Event: 2.471 Thread 0x00000290b6bed000 nmethod 1420 0x000002909e290f90 code [0x000002909e291220, 0x000002909e291ca8]
Event: 2.474 Thread 0x00000290b6be8800 1421       4       java.lang.StringCoding::hasNegatives (25 bytes)
Event: 2.478 Thread 0x00000290b6be8800 nmethod 1421 0x00000290a557cf10 code [0x00000290a557d0a0, 0x00000290a557d1d8]
Event: 2.482 Thread 0x00000290b6bed000 1422       3       java.util.concurrent.ConcurrentHashMap::tableSizeFor (32 bytes)
Event: 2.483 Thread 0x00000290b6bed000 nmethod 1422 0x000002909e292090 code [0x000002909e292260, 0x000002909e292448]
Event: 2.499 Thread 0x00000290b6bed000 1423       3       java.util.zip.ZipFile$ZipFileInflaterInputStream::<init> (41 bytes)
Event: 2.500 Thread 0x00000290b6bed000 nmethod 1423 0x000002909e292510 code [0x000002909e292740, 0x000002909e292e98]
Event: 2.500 Thread 0x00000290b6bed000 1424   !   3       java.util.zip.ZipFile$CleanableResource::releaseInflater (53 bytes)
Event: 2.500 Thread 0x00000290b6bed000 nmethod 1424 0x000002909e293190 code [0x000002909e293380, 0x000002909e293868]
Event: 2.500 Thread 0x00000290b6bed000 1425   !   3       java.util.zip.Inflater::reset (64 bytes)
Event: 2.500 Thread 0x00000290b6bed000 nmethod 1425 0x000002909e293a90 code [0x000002909e293c60, 0x000002909e2940b8]
Event: 2.509 Thread 0x00000290b6bed000 1427       3       jdk.internal.loader.URLClassPath$JarLoader$2::getBytes (48 bytes)
Event: 2.509 Thread 0x00000290b6bed000 nmethod 1427 0x000002909e294290 code [0x000002909e2944a0, 0x000002909e294be8]
Event: 2.509 Thread 0x00000290b6bed000 1428       3       jdk.internal.loader.URLClassPath$JarLoader$2::getContentLength (9 bytes)
Event: 2.509 Thread 0x00000290b6bed000 nmethod 1428 0x000002909e294e90 code [0x000002909e295040, 0x000002909e2951f8]
Event: 2.517 Thread 0x00000290b6bed000 1431       3       sun.invoke.util.BytecodeDescriptor::unparseMethod (66 bytes)
Event: 2.517 Thread 0x00000290b6be8800 1432       4       jdk.internal.org.objectweb.asm.Item::set (219 bytes)
Event: 2.518 Thread 0x00000290b6bed000 nmethod 1431 0x000002909e295290 code [0x000002909e295500, 0x000002909e295dc8]
Event: 2.518 Thread 0x00000290b6bed000 1433       3       java.lang.invoke.DirectMethodHandle::shouldBeInitialized (127 bytes)
Event: 2.520 Thread 0x00000290b6bed000 nmethod 1433 0x000002909e296190 code [0x000002909e296580, 0x000002909e297c18]

GC Heap History (4 events):
Event: 1.715 GC heap before
{Heap before GC invocations=0 (full 0):
 garbage-first heap   total 188416K, used 13312K [0x0000000749600000, 0x0000000800000000)
  region size 1024K, 14 young (14336K), 0 survivors (0K)
 Metaspace       used 11938K, capacity 12198K, committed 12416K, reserved 1060864K
  class space    used 1249K, capacity 1323K, committed 1408K, reserved 1048576K
}
Event: 1.724 GC heap after
{Heap after GC invocations=1 (full 0):
 garbage-first heap   total 188416K, used 3430K [0x0000000749600000, 0x0000000800000000)
  region size 1024K, 2 young (2048K), 2 survivors (2048K)
 Metaspace       used 11938K, capacity 12198K, committed 12416K, reserved 1060864K
  class space    used 1249K, capacity 1323K, committed 1408K, reserved 1048576K
}
Event: 2.212 GC heap before
{Heap before GC invocations=1 (full 0):
 garbage-first heap   total 188416K, used 12646K [0x0000000749600000, 0x0000000800000000)
  region size 1024K, 9 young (9216K), 2 survivors (2048K)
 Metaspace       used 14321K, capacity 14670K, committed 14720K, reserved 1062912K
  class space    used 1521K, capacity 1641K, committed 1664K, reserved 1048576K
}
Event: 2.218 GC heap after
{Heap after GC invocations=2 (full 0):
 garbage-first heap   total 188416K, used 6906K [0x0000000749600000, 0x0000000800000000)
  region size 1024K, 2 young (2048K), 2 survivors (2048K)
 Metaspace       used 14321K, capacity 14670K, committed 14720K, reserved 1062912K
  class space    used 1521K, capacity 1641K, committed 1664K, reserved 1048576K
}

Deoptimization events (20 events):
Event: 1.936 Thread 0x0000029097f8c800 Uncommon trap: trap_request=0xffffffde fr.pc=0x00000290a553db34 relative=0x0000000000000a94
Event: 1.936 Thread 0x0000029097f8c800 Uncommon trap: reason=class_check action=maybe_recompile pc=0x00000290a553db34 method=java.util.HashMap.putVal(ILjava/lang/Object;Ljava/lang/Object;ZZ)Ljava/lang/Object; @ 91 c2
Event: 1.936 Thread 0x0000029097f8c800 DEOPT PACKING pc=0x00000290a553db34 sp=0x000000abbf5fcd10
Event: 1.936 Thread 0x0000029097f8c800 DEOPT UNPACKING pc=0x000002909da9a1af sp=0x000000abbf5fcc90 mode 2
Event: 1.936 Thread 0x0000029097f8c800 Uncommon trap: trap_request=0xffffffde fr.pc=0x00000290a553db78 relative=0x0000000000000ad8
Event: 1.937 Thread 0x0000029097f8c800 Uncommon trap: reason=class_check action=maybe_recompile pc=0x00000290a553db78 method=java.util.HashMap.putVal(ILjava/lang/Object;Ljava/lang/Object;ZZ)Ljava/lang/Object; @ 203 c2
Event: 1.937 Thread 0x0000029097f8c800 DEOPT PACKING pc=0x00000290a553db78 sp=0x000000abbf5fcc50
Event: 1.937 Thread 0x0000029097f8c800 DEOPT UNPACKING pc=0x000002909da9a1af sp=0x000000abbf5fcbd0 mode 2
Event: 1.937 Thread 0x0000029097f8c800 Uncommon trap: trap_request=0xffffffde fr.pc=0x00000290a553db34 relative=0x0000000000000a94
Event: 1.937 Thread 0x0000029097f8c800 Uncommon trap: reason=class_check action=maybe_recompile pc=0x00000290a553db34 method=java.util.HashMap.putVal(ILjava/lang/Object;Ljava/lang/Object;ZZ)Ljava/lang/Object; @ 91 c2
Event: 1.937 Thread 0x0000029097f8c800 DEOPT PACKING pc=0x00000290a553db34 sp=0x000000abbf5fccd0
Event: 1.937 Thread 0x0000029097f8c800 DEOPT UNPACKING pc=0x000002909da9a1af sp=0x000000abbf5fcc50 mode 2
Event: 2.276 Thread 0x0000029097f8c800 DEOPT PACKING pc=0x000002909e15c368 sp=0x000000abbf5fb350
Event: 2.276 Thread 0x0000029097f8c800 DEOPT UNPACKING pc=0x000002909da9a95e sp=0x000000abbf5fa7a8 mode 0
Event: 2.426 Thread 0x0000029097f8c800 DEOPT PACKING pc=0x000002909e24a014 sp=0x000000abbf5fb9c0
Event: 2.426 Thread 0x0000029097f8c800 DEOPT UNPACKING pc=0x000002909da9a95e sp=0x000000abbf5faef0 mode 0
Event: 2.432 Thread 0x0000029097f8c800 DEOPT PACKING pc=0x000002909e1b8242 sp=0x000000abbf5f9e00
Event: 2.432 Thread 0x0000029097f8c800 DEOPT UNPACKING pc=0x000002909da9a95e sp=0x000000abbf5f9268 mode 0
Event: 2.474 Thread 0x0000029097f8c800 DEOPT PACKING pc=0x000002909e17ebd0 sp=0x000000abbf5f8fd0
Event: 2.474 Thread 0x0000029097f8c800 DEOPT UNPACKING pc=0x000002909da9a95e sp=0x000000abbf5f8458 mode 0

Classes redefined (0 events):
No events

Internal exceptions (20 events):
Event: 0.460 Thread 0x0000029097f8c800 Exception <a 'java/lang/NoSuchMethodError'{0x0000000754aa65a0}: 'java.lang.Object java.lang.invoke.Invokers$Holder.linkToTargetMethod(java.lang.Object, int, java.lang.Object)'> (0x0000000754aa65a0) thrown at [./src/hotspot/share/interpreter/linkResolver.cpp, line 773]
Event: 0.461 Thread 0x0000029097f8c800 Exception <a 'java/lang/NoSuchMethodError'{0x0000000754aa9560}: 'void java.lang.invoke.DirectMethodHandle$Holder.invokeSpecial(java.lang.Object, java.lang.Object)'> (0x0000000754aa9560) thrown at [./src/hotspot/share/interpreter/linkResolver.cpp, line 773]
Event: 0.692 Thread 0x0000029097f8c800 Exception <a 'java/lang/NoSuchMethodError'{0x0000000754317e18}: 'java.lang.Object java.lang.invoke.DirectMethodHandle$Holder.invokeStaticInit(java.lang.Object, int, int, int, int)'> (0x0000000754317e18) thrown at [./src/hotspot/share/interpreter/linkResolver.cpp, line 773]
Event: 0.696 Thread 0x0000029097f8c800 Exception <a 'sun/nio/fs/WindowsException'{0x000000075431e0f0}> (0x000000075431e0f0) thrown at [./src/hotspot/share/prims/jni.cpp, line 616]
Event: 0.719 Thread 0x0000029097f8c800 Exception <a 'java/lang/NoSuchMethodError'{0x0000000754340270}: 'int java.lang.invoke.DirectMethodHandle$Holder.invokeStaticInit(java.lang.Object, java.lang.Object, java.lang.Object, java.lang.Object)'> (0x0000000754340270) thrown at [./src/hotspot/share/interpreter/linkResolver.cpp, line 773]
Event: 0.722 Thread 0x0000029097f8c800 Exception <a 'java/lang/IncompatibleClassChangeError'{0x0000000754349bd0}: Found class java.lang.Object, but interface was expected> (0x0000000754349bd0) thrown at [./src/hotspot/share/interpreter/linkResolver.cpp, line 839]
Event: 0.723 Thread 0x0000029097f8c800 Exception <a 'java/lang/NoSuchMethodError'{0x000000075434cff8}: 'void java.lang.invoke.DirectMethodHandle$Holder.invokeStaticInit(java.lang.Object, java.lang.Object)'> (0x000000075434cff8) thrown at [./src/hotspot/share/interpreter/linkResolver.cpp, line 773]
Event: 0.725 Thread 0x0000029097f8c800 Exception <a 'java/lang/NoSuchMethodError'{0x0000000754353370}: 'int java.lang.invoke.DirectMethodHandle$Holder.invokeStaticInit(java.lang.Object, java.lang.Object)'> (0x0000000754353370) thrown at [./src/hotspot/share/interpreter/linkResolver.cpp, line 773]
Event: 1.570 Thread 0x0000029097f8c800 Exception <a 'java/lang/NoSuchMethodError'{0x0000000754125a80}: 'java.lang.Object java.lang.invoke.DirectMethodHandle$Holder.invokeStaticInit(java.lang.Object, java.lang.Object, int, int, int, int)'> (0x0000000754125a80) thrown at [./src/hotspot/share/interpreter/linkResolver.cpp, line 773]
Event: 1.697 Thread 0x0000029097f8c800 Exception <a 'sun/nio/fs/WindowsException'{0x00000007540d3410}> (0x00000007540d3410) thrown at [./src/hotspot/share/prims/jni.cpp, line 616]
Event: 1.699 Thread 0x0000029097f8c800 Exception <a 'sun/nio/fs/WindowsException'{0x00000007540d3fa8}> (0x00000007540d3fa8) thrown at [./src/hotspot/share/prims/jni.cpp, line 616]
Event: 1.943 Thread 0x0000029097f8c800 Exception <a 'java/lang/NoSuchMethodError'{0x0000000754b8d2c0}: 'java.lang.Object java.lang.invoke.DirectMethodHandle$Holder.invokeStatic(java.lang.Object, long)'> (0x0000000754b8d2c0) thrown at [./src/hotspot/share/interpreter/linkResolver.cpp, line 773]
Event: 2.011 Thread 0x0000029097f8c800 Exception <a 'java/lang/NoSuchMethodError'{0x0000000754aad358}: 'void java.lang.invoke.DirectMethodHandle$Holder.invokeStatic(java.lang.Object, java.lang.Object, java.lang.Object, java.lang.Object)'> (0x0000000754aad358) thrown at [./src/hotspot/share/interpreter/linkResolver.cpp, line 773]
Event: 2.082 Thread 0x0000029097f8c800 Exception <a 'java/lang/ClassNotFoundException'{0x000000075498d878}: javax/smartcardio/CardPermission> (0x000000075498d878) thrown at [./src/hotspot/share/classfile/systemDictionary.cpp, line 230]
Event: 2.088 Thread 0x0000029097f8c800 Exception <a 'java/io/FileNotFoundException'{0x000000075499bd00}> (0x000000075499bd00) thrown at [./src/hotspot/share/prims/jni.cpp, line 616]
Event: 2.200 Thread 0x0000029097f8c800 Exception <a 'java/lang/NoSuchMethodError'{0x00000007547bb938}: 'java.lang.Object java.lang.invoke.DirectMethodHandle$Holder.invokeStatic(java.lang.Object, java.lang.Object, java.lang.Object, java.lang.Object, java.lang.Object, java.lang.Object, java.lang.Object, java.lang.Object, java.lang.Object, java.lang.Object, java.lang.Object, java.lang.Object, java.lang.Object, java.lang.Object, java.lang.Object)'> (0x00000007547bb938) thrown at [./src/hotspot/share/interpreter/linkResolver.cpp, line 773]
Event: 2.203 Thread 0x0000029097f8c800 Exception <a 'java/lang/NoSuchMethodError'{0x00000007547c9698}: 'java.lang.Object java.lang.invoke.DirectMethodHandle$Holder.invokeStatic(java.lang.Object, java.lang.Object, java.lang.Object, java.lang.Object, java.lang.Object, java.lang.Object, java.lang.Object, java.lang.Object, java.lang.Object, java.lang.Object, java.lang.Object, java.lang.Object, java.lang.Object, java.lang.Object, java.lang.Object, java.lang.Object)'> (0x00000007547c9698) thrown at [./src/hotspot/share/interpreter/linkResolver.cpp, l
Event: 2.207 Thread 0x0000029097f8c800 Exception <a 'java/lang/NoSuchMethodError'{0x00000007547d7308}: 'java.lang.Object java.lang.invoke.DirectMethodHandle$Holder.invokeSpecial(java.lang.Object, java.lang.Object, int, int, java.lang.Object, java.lang.Object, java.lang.Object)'> (0x00000007547d7308) thrown at [./src/hotspot/share/interpreter/linkResolver.cpp, line 773]
Event: 2.207 Thread 0x0000029097f8c800 Exception <a 'java/lang/NoSuchMethodError'{0x00000007547da898}: 'java.lang.Object java.lang.invoke.DelegatingMethodHandle$Holder.reinvoke_L(java.lang.Object, int, int, java.lang.Object, java.lang.Object, java.lang.Object)'> (0x00000007547da898) thrown at [./src/hotspot/share/interpreter/linkResolver.cpp, line 773]
Event: 2.208 Thread 0x0000029097f8c800 Exception <a 'java/lang/NoSuchMethodError'{0x00000007547deb20}: 'java.lang.Object java.lang.invoke.DirectMethodHandle$Holder.invokeStatic(java.lang.Object, java.lang.Object, java.lang.Object, java.lang.Object, int)'> (0x00000007547deb20) thrown at [./src/hotspot/share/interpreter/linkResolver.cpp, line 773]

Events (20 events):
Event: 2.515 loading class org/springframework/context/EnvironmentAware
Event: 2.515 loading class org/springframework/context/EnvironmentAware done
Event: 2.516 loading class org/springframework/beans/factory/support/MethodOverrides
Event: 2.516 loading class org/springframework/beans/factory/support/MethodOverrides done
Event: 2.516 loading class java/util/concurrent/CopyOnWriteArraySet
Event: 2.516 loading class java/util/concurrent/CopyOnWriteArraySet done
Event: 2.518 loading class org/springframework/beans/factory/config/BeanDefinitionHolder
Event: 2.518 loading class org/springframework/beans/factory/config/BeanDefinitionHolder done
Event: 2.519 loading class org/springframework/beans/factory/annotation/AutowiredAnnotationBeanPostProcessor
Event: 2.519 loading class org/springframework/beans/factory/annotation/AutowiredAnnotationBeanPostProcessor done
Event: 2.520 loading class org/springframework/beans/factory/config/SmartInstantiationAwareBeanPostProcessor
Event: 2.520 loading class org/springframework/beans/factory/config/SmartInstantiationAwareBeanPostProcessor done
Event: 2.520 loading class org/springframework/beans/factory/config/InstantiationAwareBeanPostProcessor
Event: 2.520 loading class org/springframework/beans/factory/config/InstantiationAwareBeanPostProcessor done
Event: 2.521 loading class org/springframework/beans/factory/support/MergedBeanDefinitionPostProcessor
Event: 2.521 loading class org/springframework/beans/factory/support/MergedBeanDefinitionPostProcessor done
Event: 2.522 loading class org/springframework/context/annotation/CommonAnnotationBeanPostProcessor
Event: 2.522 loading class org/springframework/context/annotation/CommonAnnotationBeanPostProcessor done
Event: 2.523 loading class org/springframework/beans/factory/annotation/InitDestroyAnnotationBeanPostProcessor
Event: 2.523 loading class org/springframework/beans/factory/annotation/InitDestroyAnnotationBeanPostProcessor done


Dynamic libraries:
0x00007ff6dc640000 - 0x00007ff6dc64d000 	C:\Users\dell\Downloads\sonar-scanner-4.7.0.2747-windows\jre\bin\java.exe
0x00007ffd1cd50000 - 0x00007ffd1cf48000 	C:\WINDOWS\SYSTEM32\ntdll.dll
0x00007ffd1b880000 - 0x00007ffd1b93d000 	C:\WINDOWS\System32\KERNEL32.DLL
0x00007ffd1a9a0000 - 0x00007ffd1ac6e000 	C:\WINDOWS\System32\KERNELBASE.dll
0x00007ffd1a800000 - 0x00007ffd1a900000 	C:\WINDOWS\System32\ucrtbase.dll
0x00007ffd16a50000 - 0x00007ffd16a67000 	C:\Users\dell\Downloads\sonar-scanner-4.7.0.2747-windows\jre\bin\jli.dll
0x00007ffd151e0000 - 0x00007ffd151f5000 	C:\Users\dell\Downloads\sonar-scanner-4.7.0.2747-windows\jre\bin\VCRUNTIME140.dll
0x00007ffd1be20000 - 0x00007ffd1bfc0000 	C:\WINDOWS\System32\USER32.dll
0x00007ffd1a580000 - 0x00007ffd1a5a2000 	C:\WINDOWS\System32\win32u.dll
0x00007ffd04990000 - 0x00007ffd04c2a000 	C:\WINDOWS\WinSxS\amd64_microsoft.windows.common-controls_6595b64144ccf1df_6.0.19041.1110_none_60b5254171f9507e\COMCTL32.dll
0x00007ffd1b190000 - 0x00007ffd1b1ba000 	C:\WINDOWS\System32\GDI32.dll
0x00007ffd1baf0000 - 0x00007ffd1bb8e000 	C:\WINDOWS\System32\msvcrt.dll
0x00007ffd1a470000 - 0x00007ffd1a57b000 	C:\WINDOWS\System32\gdi32full.dll
0x00007ffd1a760000 - 0x00007ffd1a7fd000 	C:\WINDOWS\System32\msvcp_win.dll
0x00007ffd1ae10000 - 0x00007ffd1ae40000 	C:\WINDOWS\System32\IMM32.DLL
0x00007ffcdaf60000 - 0x00007ffcdaffb000 	C:\Users\dell\Downloads\sonar-scanner-4.7.0.2747-windows\jre\bin\msvcp140.dll
0x00007ffcbc1c0000 - 0x00007ffcbcd41000 	C:\Users\dell\Downloads\sonar-scanner-4.7.0.2747-windows\jre\bin\server\jvm.dll
0x00007ffd1b760000 - 0x00007ffd1b80e000 	C:\WINDOWS\System32\ADVAPI32.dll
0x00007ffd1cc70000 - 0x00007ffd1cd0c000 	C:\WINDOWS\System32\sechost.dll
0x00007ffd1bce0000 - 0x00007ffd1be05000 	C:\WINDOWS\System32\RPCRT4.dll
0x00007ffd1b0f0000 - 0x00007ffd1b0f8000 	C:\WINDOWS\System32\PSAPI.DLL
0x00007ffd08660000 - 0x00007ffd08669000 	C:\WINDOWS\SYSTEM32\WSOCK32.dll
0x00007ffd14040000 - 0x00007ffd1404a000 	C:\WINDOWS\SYSTEM32\VERSION.dll
0x00007ffd1b810000 - 0x00007ffd1b87b000 	C:\WINDOWS\System32\WS2_32.dll
0x00007ffd0abf0000 - 0x00007ffd0ac17000 	C:\WINDOWS\SYSTEM32\WINMM.dll
0x00007ffd18ce0000 - 0x00007ffd18cf2000 	C:\WINDOWS\SYSTEM32\kernel.appcore.dll
0x00007ffd17130000 - 0x00007ffd17140000 	C:\Users\dell\Downloads\sonar-scanner-4.7.0.2747-windows\jre\bin\verify.dll
0x00007ffd18aa0000 - 0x00007ffd18c84000 	C:\WINDOWS\SYSTEM32\DBGHELP.DLL
0x00007ffd08940000 - 0x00007ffd0896c000 	C:\WINDOWS\SYSTEM32\dbgcore.DLL
0x00007ffd1ac70000 - 0x00007ffd1acf2000 	C:\WINDOWS\System32\bcryptPrimitives.dll
0x00007ffd14e00000 - 0x00007ffd14e28000 	C:\Users\dell\Downloads\sonar-scanner-4.7.0.2747-windows\jre\bin\java.dll
0x00007ffd15130000 - 0x00007ffd1513a000 	C:\Users\dell\Downloads\sonar-scanner-4.7.0.2747-windows\jre\bin\jimage.dll
0x00007ffcfcee0000 - 0x00007ffcfcef8000 	C:\Users\dell\Downloads\sonar-scanner-4.7.0.2747-windows\jre\bin\zip.dll
0x00007ffd1c140000 - 0x00007ffd1c883000 	C:\WINDOWS\System32\SHELL32.dll
0x00007ffd181c0000 - 0x00007ffd18955000 	C:\WINDOWS\SYSTEM32\windows.storage.dll
0x00007ffd1c910000 - 0x00007ffd1cc64000 	C:\WINDOWS\System32\combase.dll
0x00007ffd19df0000 - 0x00007ffd19e20000 	C:\WINDOWS\SYSTEM32\Wldp.dll
0x00007ffd1ae40000 - 0x00007ffd1aeed000 	C:\WINDOWS\System32\SHCORE.dll
0x00007ffd1c0e0000 - 0x00007ffd1c135000 	C:\WINDOWS\System32\shlwapi.dll
0x00007ffd1a3b0000 - 0x00007ffd1a3cf000 	C:\WINDOWS\SYSTEM32\profapi.dll
0x00007ffcfcec0000 - 0x00007ffcfced9000 	C:\Users\dell\Downloads\sonar-scanner-4.7.0.2747-windows\jre\bin\net.dll
0x00007ffd110e0000 - 0x00007ffd111ea000 	C:\WINDOWS\SYSTEM32\WINHTTP.dll
0x00007ffd19bd0000 - 0x00007ffd19c3a000 	C:\WINDOWS\system32\mswsock.dll
0x00007ffcfcdc0000 - 0x00007ffcfcdd3000 	C:\Users\dell\Downloads\sonar-scanner-4.7.0.2747-windows\jre\bin\nio.dll
0x00007ffcfc230000 - 0x00007ffcfc255000 	C:\Users\dell\Downloads\sonar-scanner-4.7.0.2747-windows\jre\bin\sunec.dll
0x00007ffd1a130000 - 0x00007ffd1a148000 	C:\WINDOWS\SYSTEM32\CRYPTSP.dll
0x00007ffd19500000 - 0x00007ffd19534000 	C:\WINDOWS\system32\rsaenh.dll
0x00007ffd1a900000 - 0x00007ffd1a927000 	C:\WINDOWS\System32\bcrypt.dll
0x00007ffd1a370000 - 0x00007ffd1a39e000 	C:\WINDOWS\SYSTEM32\USERENV.dll
0x00007ffd19d60000 - 0x00007ffd19d6c000 	C:\WINDOWS\SYSTEM32\CRYPTBASE.dll
0x00007ffd19890000 - 0x00007ffd198cb000 	C:\WINDOWS\SYSTEM32\IPHLPAPI.DLL
0x00007ffd1c0d0000 - 0x00007ffd1c0d8000 	C:\WINDOWS\System32\NSI.dll
0x00007ffd12310000 - 0x00007ffd12327000 	C:\WINDOWS\SYSTEM32\dhcpcsvc6.DLL
0x00007ffd11b70000 - 0x00007ffd11b8d000 	C:\WINDOWS\SYSTEM32\dhcpcsvc.DLL
0x00007ffd198d0000 - 0x00007ffd1999a000 	C:\WINDOWS\SYSTEM32\DNSAPI.dll
0x00007ffd15120000 - 0x00007ffd1512e000 	C:\Users\dell\Downloads\sonar-scanner-4.7.0.2747-windows\jre\bin\sunmscapi.dll
0x00007ffd1a5b0000 - 0x00007ffd1a706000 	C:\WINDOWS\System32\CRYPT32.dll
0x00007ffd19e60000 - 0x00007ffd19e87000 	C:\WINDOWS\SYSTEM32\ncrypt.dll
0x00007ffd19e20000 - 0x00007ffd19e5b000 	C:\WINDOWS\SYSTEM32\NTASN1.dll
0x00007ffd0c250000 - 0x00007ffd0c25a000 	C:\Windows\System32\rasadhlp.dll
0x00007ffd10d70000 - 0x00007ffd10df0000 	C:\WINDOWS\System32\fwpuclnt.dll

dbghelp: loaded successfully - version: 4.0.5 - missing functions: none
symbol engine: initialized successfully - sym options: 0x614 - pdb path: .;C:\Users\dell\Downloads\sonar-scanner-4.7.0.2747-windows\jre\bin;C:\WINDOWS\SYSTEM32;C:\WINDOWS\WinSxS\amd64_microsoft.windows.common-controls_6595b64144ccf1df_6.0.19041.1110_none_60b5254171f9507e;C:\Users\dell\Downloads\sonar-scanner-4.7.0.2747-windows\jre\bin\server

VM Arguments:
jvm_args: -Djava.awt.headless=true -Dscanner.home=C:\Users\dell\Downloads\sonar-scanner-4.7.0.2747-windows\bin\.. -Dproject.home=D:\task1 
java_command: org.sonarsource.scanner.cli.Main
java_class_path (initial): C:\Users\dell\Downloads\sonar-scanner-4.7.0.2747-windows\bin\..\lib\sonar-scanner-cli-4.7.0.2747.jar
Launcher Type: SUN_STANDARD

[Global flags]
     intx CICompilerCount                          = 3                                         {product} {ergonomic}
     uint ConcGCThreads                            = 1                                         {product} {ergonomic}
     uint G1ConcRefinementThreads                  = 4                                         {product} {ergonomic}
   size_t G1HeapRegionSize                         = 1048576                                   {product} {ergonomic}
    uintx GCDrainStackTargetSize                   = 64                                        {product} {ergonomic}
   size_t InitialHeapSize                          = 192937984                                 {product} {ergonomic}
   size_t MarkStackSize                            = 4194304                                   {product} {ergonomic}
   size_t MaxHeapSize                              = 3063939072                                {product} {ergonomic}
   size_t MaxNewSize                               = 1838153728                                {product} {ergonomic}
   size_t MinHeapDeltaBytes                        = 1048576                                   {product} {ergonomic}
    uintx NonNMethodCodeHeapSize                   = 5830732                                {pd product} {ergonomic}
    uintx NonProfiledCodeHeapSize                  = 122913754                              {pd product} {ergonomic}
    uintx ProfiledCodeHeapSize                     = 122913754                              {pd product} {ergonomic}
    uintx ReservedCodeCacheSize                    = 251658240                              {pd product} {ergonomic}
     bool SegmentedCodeCache                       = true                                      {product} {ergonomic}
     bool UseCompressedClassPointers               = true                                 {lp64_product} {ergonomic}
     bool UseCompressedOops                        = true                                 {lp64_product} {ergonomic}
     bool UseG1GC                                  = true                                      {product} {ergonomic}
     bool UseLargePagesIndividualAllocation        = false                                  {pd product} {ergonomic}

Logging:
Log output configuration:
 #0: stdout all=warning uptime,level,tags
 #1: stderr all=off uptime,level,tags

Environment Variables:
JAVA_HOME=C:\Users\dell\Downloads\sonar-scanner-4.7.0.2747-windows\bin\..\jre
PATH=C:\Python310\Scripts\;C:\Python310\;C:\WINDOWS\system32;C:\WINDOWS;C:\WINDOWS\System32\Wbem;C:\WINDOWS\System32\WindowsPowerShell\v1.0\;C:\WINDOWS\System32\OpenSSH\;C:\Program Files\nodejs\;C:\ProgramData\chocolatey\bin;C:\Program Files\Git\cmd;C:\Program Files\Docker\Docker\resources\bin;C:\ProgramData\DockerDesktop\version-bin;C:\Users\dell\AppData\Local\Microsoft\WindowsApps;C:\Users\dell\AppData\Local\Programs\Microsoft VS Code\bin;C:\Users\dell\AppData\Roaming\npm;C:\Program Files\Java\jdk-13.0.2\bin;C:\Users\dell\Downloads\sonar-scanner-4.7.0.2747-windows\bin;
USERNAME=dell
LANG=en_US.UTF-8
OS=Windows_NT
PROCESSOR_IDENTIFIER=Intel64 Family 6 Model 78 Stepping 3, GenuineIntel



---------------  S Y S T E M  ---------------

OS: Windows 10 , 64 bit Build 19041 (10.0.19041.1889)
OS uptime: 2 days 10:55 hours
Hyper-V role detected

CPU:total 4 (initial active 4) (2 cores per cpu, 2 threads per core) family 6 model 78 stepping 3 microcode 0xd6, cmov, cx8, fxsr, mmx, sse, sse2, sse3, ssse3, sse4.1, sse4.2, popcnt, avx, avx2, aes, clmul, erms, rtm, 3dnowpref, lzcnt, ht, tsc, tscinvbit, bmi1, bmi2, adx, fma

Memory: 4k page, system-wide physical 11687M (334M free)
TotalPageFile size 24043M (AvailPageFile size 0M)
current process WorkingSet (physical memory assigned to process): 81M, peak: 81M
current process commit charge ("private bytes"): 274M, peak: 274M

vm_info: OpenJDK 64-Bit Server VM (11.0.14.1+1) for windows-amd64 JRE (11.0.14.1+1), built on Feb  9 2022 01:48:27 by "" with unknown MS VC++:1916

END.
