#
# There is insufficient memory for the Java Runtime Environment to continue.
# Native memory allocation (mmap) failed to map 192937984 bytes for Failed to commit area from 0x0000000749600000 to 0x0000000754e00000 of length 192937984.
# Possible reasons:
#   The system is out of physical RAM or swap space
#   The process is running with CompressedOops enabled, and the Java Heap may be blocking the growth of the native heap
# Possible solutions:
#   Reduce memory load on the system
#   Increase physical memory or swap space
#   Check if swap backing store is full
#   Decrease Java heap size (-Xmx/-Xms)
#   Decrease number of Java threads
#   Decrease Java thread stack sizes (-Xss)
#   Set larger code cache with -XX:ReservedCodeCacheSize=
# This output file may be truncated or incomplete.
#
#  Out of Memory Error (./src/hotspot/os/windows/os_windows.cpp:3387), pid=18956, tid=6972
#
# JRE version:  (11.0.14.1+1) (build )
# Java VM: OpenJDK 64-Bit Server VM (11.0.14.1+1, mixed mode, sharing, tiered, compressed oops, g1 gc, windows-amd64)
# No core dump will be written. Minidumps are not enabled by default on client versions of Windows
#

---------------  S U M M A R Y ------------

Command Line: -Djava.awt.headless=true -Dscanner.home=C:\Users\dell\Downloads\sonar-scanner-4.7.0.2747-windows\bin\.. -Dproject.home=D:\task1 org.sonarsource.scanner.cli.Main --define sonar.login=squ_91c92becfb885aa4b3467c9c9be71585588611ef

Host: Intel(R) Core(TM) i5-6300U CPU @ 2.40GHz, 4 cores, 11G,  Windows 10 , 64 bit Build 19041 (10.0.19041.1889)
Time: Tue Oct 11 01:20:25 2022 Pacific Daylight Time elapsed time: 0.031058 seconds (0d 0h 0m 0s)

---------------  T H R E A D  ---------------

Current thread (0x000002688e61d000):  JavaThread "Unknown thread" [_thread_in_vm, id=6972, stack(0x000000c70f800000,0x000000c70f900000)]

Stack: [0x000000c70f800000,0x000000c70f900000]
Native frames: (J=compiled Java code, j=interpreted, Vv=VM code, C=native code)
V  [jvm.dll+0x61e59a]
V  [jvm.dll+0x7aaca9]
V  [jvm.dll+0x7ac398]
V  [jvm.dll+0x7aca73]
V  [jvm.dll+0x24f9b8]
V  [jvm.dll+0x61b83a]
V  [jvm.dll+0x6100c5]
V  [jvm.dll+0x30772c]
V  [jvm.dll+0x3075b2]
V  [jvm.dll+0x30c2d6]
V  [jvm.dll+0x35272f]
V  [jvm.dll+0x352160]
V  [jvm.dll+0x2e4728]
V  [jvm.dll+0x2e5886]
V  [jvm.dll+0x784b07]
V  [jvm.dll+0x78628f]
V  [jvm.dll+0x35f479]
V  [jvm.dll+0x767aa0]
V  [jvm.dll+0x3ccf1f]
V  [jvm.dll+0x3cf2b1]
C  [jli.dll+0x5207]
C  [ucrtbase.dll+0x21bb2]
C  [KERNEL32.DLL+0x17034]
C  [ntdll.dll+0x526a1]


---------------  P R O C E S S  ---------------

Threads class SMR info:
_java_thread_list=0x000002688e3e1300, length=0, elements={
}

Java Threads: ( => current thread )

Other Threads:
  0x000002688e635000 GCTaskThread "GC Thread#0" [stack: 0x000000c70f900000,0x000000c70fa00000] [id=18392]
  0x000002688e67b000 ConcurrentGCThread "G1 Main Marker" [stack: 0x000000c70fa00000,0x000000c70fb00000] [id=8464]
  0x000002688e67c000 ConcurrentGCThread "G1 Conc#0" [stack: 0x000000c70fb00000,0x000000c70fc00000] [id=7088]

[error occurred during error reporting (printing all threads), id 0xc0000005, EXCEPTION_ACCESS_VIOLATION (0xc0000005) at pc=0x00007ffcbc4b3ef7]

VM state:not at safepoint (not fully initialized)

VM Mutex/Monitor currently owned by a thread:  ([mutex/lock_event])
[0x000002688e618f60] Heap_lock - owner thread: 0x000002688e61d000

Heap address: 0x0000000749600000, size: 2922 MB, Compressed Oops mode: Non-zero based: 0x0000000749600000
Narrow klass base: 0x0000000000000000, Narrow klass shift: 0

GC Heap History (0 events):
No events

Deoptimization events (0 events):
No events

Classes redefined (0 events):
No events

Internal exceptions (0 events):
No events

Events (1 events):
Event: 0.011 Loaded shared library C:\Users\dell\Downloads\sonar-scanner-4.7.0.2747-windows\jre\bin\zip.dll


Dynamic libraries:
0x00007ff77e3c0000 - 0x00007ff77e3cd000 	C:\Users\dell\Downloads\sonar-scanner-4.7.0.2747-windows\jre\bin\java.exe
0x00007ffd1cd50000 - 0x00007ffd1cf48000 	C:\WINDOWS\SYSTEM32\ntdll.dll
0x00007ffd1b880000 - 0x00007ffd1b93d000 	C:\WINDOWS\System32\KERNEL32.DLL
0x00007ffd1a9a0000 - 0x00007ffd1ac6e000 	C:\WINDOWS\System32\KERNELBASE.dll
0x00007ffd1a800000 - 0x00007ffd1a900000 	C:\WINDOWS\System32\ucrtbase.dll
0x00007ffd16a50000 - 0x00007ffd16a65000 	C:\Users\dell\Downloads\sonar-scanner-4.7.0.2747-windows\jre\bin\VCRUNTIME140.dll
0x00007ffd151e0000 - 0x00007ffd151f7000 	C:\Users\dell\Downloads\sonar-scanner-4.7.0.2747-windows\jre\bin\jli.dll
0x00007ffd1be20000 - 0x00007ffd1bfc0000 	C:\WINDOWS\System32\USER32.dll
0x00007ffd04990000 - 0x00007ffd04c2a000 	C:\WINDOWS\WinSxS\amd64_microsoft.windows.common-controls_6595b64144ccf1df_6.0.19041.1110_none_60b5254171f9507e\COMCTL32.dll
0x00007ffd1a580000 - 0x00007ffd1a5a2000 	C:\WINDOWS\System32\win32u.dll
0x00007ffd1b190000 - 0x00007ffd1b1ba000 	C:\WINDOWS\System32\GDI32.dll
0x00007ffd1baf0000 - 0x00007ffd1bb8e000 	C:\WINDOWS\System32\msvcrt.dll
0x00007ffd1a470000 - 0x00007ffd1a57b000 	C:\WINDOWS\System32\gdi32full.dll
0x00007ffd1a760000 - 0x00007ffd1a7fd000 	C:\WINDOWS\System32\msvcp_win.dll
0x00007ffd1ae10000 - 0x00007ffd1ae40000 	C:\WINDOWS\System32\IMM32.DLL
0x00007ffcdaf60000 - 0x00007ffcdaffb000 	C:\Users\dell\Downloads\sonar-scanner-4.7.0.2747-windows\jre\bin\msvcp140.dll
0x00007ffcbc1c0000 - 0x00007ffcbcd41000 	C:\Users\dell\Downloads\sonar-scanner-4.7.0.2747-windows\jre\bin\server\jvm.dll
0x00007ffd1b760000 - 0x00007ffd1b80e000 	C:\WINDOWS\System32\ADVAPI32.dll
0x00007ffd1cc70000 - 0x00007ffd1cd0c000 	C:\WINDOWS\System32\sechost.dll
0x00007ffd1bce0000 - 0x00007ffd1be05000 	C:\WINDOWS\System32\RPCRT4.dll
0x00007ffd1b0f0000 - 0x00007ffd1b0f8000 	C:\WINDOWS\System32\PSAPI.DLL
0x00007ffd0abf0000 - 0x00007ffd0ac17000 	C:\WINDOWS\SYSTEM32\WINMM.dll
0x00007ffd08660000 - 0x00007ffd08669000 	C:\WINDOWS\SYSTEM32\WSOCK32.dll
0x00007ffd14040000 - 0x00007ffd1404a000 	C:\WINDOWS\SYSTEM32\VERSION.dll
0x00007ffd1b810000 - 0x00007ffd1b87b000 	C:\WINDOWS\System32\WS2_32.dll
0x00007ffd18ce0000 - 0x00007ffd18cf2000 	C:\WINDOWS\SYSTEM32\kernel.appcore.dll
0x00007ffd17130000 - 0x00007ffd17140000 	C:\Users\dell\Downloads\sonar-scanner-4.7.0.2747-windows\jre\bin\verify.dll
0x00007ffd18aa0000 - 0x00007ffd18c84000 	C:\WINDOWS\SYSTEM32\DBGHELP.DLL
0x00007ffd08940000 - 0x00007ffd0896c000 	C:\WINDOWS\SYSTEM32\dbgcore.DLL
0x00007ffd1ac70000 - 0x00007ffd1acf2000 	C:\WINDOWS\System32\bcryptPrimitives.dll
0x00007ffd14e00000 - 0x00007ffd14e28000 	C:\Users\dell\Downloads\sonar-scanner-4.7.0.2747-windows\jre\bin\java.dll
0x00007ffd15130000 - 0x00007ffd1513a000 	C:\Users\dell\Downloads\sonar-scanner-4.7.0.2747-windows\jre\bin\jimage.dll
0x00007ffcfcee0000 - 0x00007ffcfcef8000 	C:\Users\dell\Downloads\sonar-scanner-4.7.0.2747-windows\jre\bin\zip.dll

dbghelp: loaded successfully - version: 4.0.5 - missing functions: none
symbol engine: initialized successfully - sym options: 0x614 - pdb path: .;C:\Users\dell\Downloads\sonar-scanner-4.7.0.2747-windows\jre\bin;C:\WINDOWS\SYSTEM32;C:\WINDOWS\WinSxS\amd64_microsoft.windows.common-controls_6595b64144ccf1df_6.0.19041.1110_none_60b5254171f9507e;C:\Users\dell\Downloads\sonar-scanner-4.7.0.2747-windows\jre\bin\server

VM Arguments:
jvm_args: -Djava.awt.headless=true -Dscanner.home=C:\Users\dell\Downloads\sonar-scanner-4.7.0.2747-windows\bin\.. -Dproject.home=D:\task1 
java_command: org.sonarsource.scanner.cli.Main --define sonar.login=squ_91c92becfb885aa4b3467c9c9be71585588611ef
java_class_path (initial): C:\Users\dell\Downloads\sonar-scanner-4.7.0.2747-windows\bin\..\lib\sonar-scanner-cli-4.7.0.2747.jar
Launcher Type: SUN_STANDARD

[Global flags]
     intx CICompilerCount                          = 3                                         {product} {ergonomic}
     uint ConcGCThreads                            = 1                                         {product} {ergonomic}
     uint G1ConcRefinementThreads                  = 4                                         {product} {ergonomic}
   size_t G1HeapRegionSize                         = 1048576                                   {product} {ergonomic}
    uintx GCDrainStackTargetSize                   = 64                                        {product} {ergonomic}
   size_t InitialHeapSize                          = 192937984                                 {product} {ergonomic}
   size_t MarkStackSize                            = 4194304                                   {product} {ergonomic}
   size_t MaxHeapSize                              = 3063939072                                {product} {ergonomic}
   size_t MinHeapDeltaBytes                        = 1048576                                   {product} {ergonomic}
    uintx NonNMethodCodeHeapSize                   = 5830732                                {pd product} {ergonomic}
    uintx NonProfiledCodeHeapSize                  = 122913754                              {pd product} {ergonomic}
    uintx ProfiledCodeHeapSize                     = 122913754                              {pd product} {ergonomic}
    uintx ReservedCodeCacheSize                    = 251658240                              {pd product} {ergonomic}
     bool SegmentedCodeCache                       = true                                      {product} {ergonomic}
     bool UseCompressedClassPointers               = true                                 {lp64_product} {ergonomic}
     bool UseCompressedOops                        = true                                 {lp64_product} {ergonomic}
     bool UseG1GC                                  = true                                      {product} {ergonomic}
     bool UseLargePagesIndividualAllocation        = false                                  {pd product} {ergonomic}

Logging:
Log output configuration:
 #0: stdout all=warning uptime,level,tags
 #1: stderr all=off uptime,level,tags

Environment Variables:
JAVA_HOME=C:\Users\dell\Downloads\sonar-scanner-4.7.0.2747-windows\bin\..\jre
PATH=C:\Python310\Scripts\;C:\Python310\;C:\WINDOWS\system32;C:\WINDOWS;C:\WINDOWS\System32\Wbem;C:\WINDOWS\System32\WindowsPowerShell\v1.0\;C:\WINDOWS\System32\OpenSSH\;C:\Program Files\nodejs\;C:\ProgramData\chocolatey\bin;C:\Program Files\Git\cmd;C:\Program Files\Docker\Docker\resources\bin;C:\ProgramData\DockerDesktop\version-bin;C:\Users\dell\AppData\Local\Microsoft\WindowsApps;C:\Users\dell\AppData\Local\Programs\Microsoft VS Code\bin;C:\Users\dell\AppData\Roaming\npm;C:\Program Files\Java\jdk-13.0.2\bin;C:\Users\dell\Downloads\sonar-scanner-4.7.0.2747-windows\bin;
USERNAME=dell
LANG=en_US.UTF-8
OS=Windows_NT
PROCESSOR_IDENTIFIER=Intel64 Family 6 Model 78 Stepping 3, GenuineIntel



---------------  S Y S T E M  ---------------

OS: Windows 10 , 64 bit Build 19041 (10.0.19041.1889)
OS uptime: 2 days 10:55 hours
Hyper-V role detected

CPU:total 4 (initial active 4) (2 cores per cpu, 2 threads per core) family 6 model 78 stepping 3 microcode 0xd6, cmov, cx8, fxsr, mmx, sse, sse2, sse3, ssse3, sse4.1, sse4.2, popcnt, avx, avx2, aes, clmul, erms, rtm, 3dnowpref, lzcnt, ht, tsc, tscinvbit, bmi1, bmi2, adx, fma

Memory: 4k page, system-wide physical 11687M (320M free)
TotalPageFile size 24043M (AvailPageFile size 150M)
current process WorkingSet (physical memory assigned to process): 10M, peak: 10M
current process commit charge ("private bytes"): 51M, peak: 235M

vm_info: OpenJDK 64-Bit Server VM (11.0.14.1+1) for windows-amd64 JRE (11.0.14.1+1), built on Feb  9 2022 01:48:27 by "" with unknown MS VC++:1916

END.
